Step: build-step-credential-initializer:

{"level":"warn","ts":1548942314.3443284,"logger":"fallback-logger","caller":"logging/config.go:65","msg":"Fetch GitHub commit ID from kodata failed: \"ref: refs/heads/test\" is not a valid GitHub commit ID"}
{"level":"info","ts":1548942314.3448067,"logger":"fallback-logger","caller":"creds-init/main.go:40","msg":"Credentials initialized."}
Step: build-step-git-source-0:

{"level":"warn","ts":1548942314.9653118,"logger":"fallback-logger","caller":"logging/config.go:65","msg":"Fetch GitHub commit ID from kodata failed: \"ref: refs/heads/test\" is not a valid GitHub commit ID"}
{"level":"info","ts":1548942316.0715847,"logger":"fallback-logger","caller":"git-init/main.go:92","msg":"Successfully cloned \"https://github.com/carlossg/croc-hunter-jenkinsx-serverless.git\" @ \"bb738b11680cb570f0d5b1cd0728eed55577a938\" in path \"/workspace\""}
Step: build-step-jenkins:

Picked up _JAVA_OPTIONS: -Xmx400m
Started
Running in Durability level: PERFORMANCE_OPTIMIZED
  20.744 [id=36]	WARNING	i.f.k.c.i.VersionUsageUtils#alert: The client is using resource type 'customresourcedefinitions' with unstable version 'v1beta1'
[Pipeline] node
Running on Jenkins in /tmp/jenkinsTests.tmp/jenkins5898753249037614225test/workspace/job
[Pipeline] {
[Pipeline] stage
[Pipeline] { (Declarative: Checkout SCM)
[Pipeline] checkout
[Pipeline] }
[Pipeline] // stage
[Pipeline] withCredentials
[Pipeline] {
[Pipeline] withEnv
[Pipeline] {
[Pipeline] stage
[Pipeline] { (CI Build and push snapshot)
Stage "CI Build and push snapshot" skipped due to when conditional
[Pipeline] }
[Pipeline] // stage
[Pipeline] stage
[Pipeline] { (Build Release)
[Pipeline] dir
Running in /home/jenkins/go/src/github.com/carlossg/croc-hunter-jenkinsx-serverless
[Pipeline] {
[Pipeline] git
Cloning the remote Git repository
Cloning repository https://github.com/carlossg/croc-hunter-jenkinsx-serverless.git
 > git init /home/jenkins/go/src/github.com/carlossg/croc-hunter-jenkinsx-serverless # timeout=10
Fetching upstream changes from https://github.com/carlossg/croc-hunter-jenkinsx-serverless.git
 > git --version # timeout=10
 > git fetch --tags --progress https://github.com/carlossg/croc-hunter-jenkinsx-serverless.git +refs/heads/*:refs/remotes/origin/*
 > git config remote.origin.url https://github.com/carlossg/croc-hunter-jenkinsx-serverless.git # timeout=10
 > git config --add remote.origin.fetch +refs/heads/*:refs/remotes/origin/* # timeout=10
 > git config remote.origin.url https://github.com/carlossg/croc-hunter-jenkinsx-serverless.git # timeout=10
Fetching upstream changes from https://github.com/carlossg/croc-hunter-jenkinsx-serverless.git
 > git fetch --tags --progress https://github.com/carlossg/croc-hunter-jenkinsx-serverless.git +refs/heads/*:refs/remotes/origin/*
 > git rev-parse refs/remotes/origin/master^{commit} # timeout=10
 > git rev-parse refs/remotes/origin/origin/master^{commit} # timeout=10
Checking out Revision bb738b11680cb570f0d5b1cd0728eed55577a938 (refs/remotes/origin/master)
 > git config core.sparsecheckout # timeout=10
 > git checkout -f bb738b11680cb570f0d5b1cd0728eed55577a938
 > git branch -a -v --no-abbrev # timeout=10
 > git checkout -b master bb738b11680cb570f0d5b1cd0728eed55577a938
Commit message: "No lasers"
First time build. Skipping changelog.
[Pipeline] }
[Pipeline] // dir
[Pipeline] dir
Running in /home/jenkins/go/src/github.com/carlossg/croc-hunter-jenkinsx-serverless/charts/croc-hunter-jenkinsx
[Pipeline] {
[Pipeline] sh
+ git config --global credential.helper store
[Pipeline] sh
+ jx step validate --min-jx-version 1.1.73
[Pipeline] sh
+ jx step git credentials
Generated Git credentials file /home/jenkins/git/credentials
[Pipeline] }
[Pipeline] // dir
[Pipeline] dir
Running in /home/jenkins/go/src/github.com/carlossg/croc-hunter-jenkinsx-serverless
[Pipeline] {
[Pipeline] sh
+ jx-release-version
+ echo 0.0.110
[Pipeline] }
[Pipeline] // dir
[Pipeline] dir
Running in /home/jenkins/go/src/github.com/carlossg/croc-hunter-jenkinsx-serverless/charts/croc-hunter-jenkinsx
[Pipeline] {
[Pipeline] sh
+ make tag
sed -i -e "s/version:.*/version: 0.0.110/" Chart.yaml
sed -i -e "s|repository: .*|repository: 10.63.246.66:5000\/carlossg\/croc-hunter-jenkinsx|" values.yaml
sed -i -e "s/tag: .*/tag: 0.0.110/" values.yaml
git add --all
git commit -m "release 0.0.110" --allow-empty # if first release then no verion update is performed
[master 30c9938] release 0.0.110
 6 files changed, 11 insertions(+), 3 deletions(-)
 create mode 100644 VERSION
 create mode 100644 charts/croc-hunter-jenkinsx@tmp/durable-a095fc12/jenkins-log.txt
 create mode 100644 charts/croc-hunter-jenkinsx@tmp/durable-a095fc12/last-location.txt
 create mode 100644 charts/croc-hunter-jenkinsx@tmp/durable-a095fc12/script.sh
git tag -fa v0.0.110 -m "Release version 0.0.110"
git push origin v0.0.110
To https://github.com/carlossg/croc-hunter-jenkinsx-serverless.git
 * [new tag]         v0.0.110 -> v0.0.110
[Pipeline] }
[Pipeline] // dir
[Pipeline] dir
Running in /home/jenkins/go/src/github.com/carlossg/croc-hunter-jenkinsx-serverless
[Pipeline] {
[Pipeline] sh
+ cat VERSION
+ make VERSION=0.0.110 GIT_COMMIT=bb738b11680cb570f0d5b1cd0728eed55577a938 build
cp skaffold.yaml skaffold.yaml.new
sed -i -e "s/{{.VERSION}}/0.0.110/" skaffold.yaml.new
sed -i -e "s/{{.GIT_COMMIT}}/bb738b11680cb570f0d5b1cd0728eed55577a938/" skaffold.yaml.new
CGO_ENABLED=0 GO15VENDOREXPERIMENT=1 go build -ldflags '' -o bin/croc-hunter-jenkinsx croc-hunter.go
[Pipeline] sh
+ cat VERSION
+ export VERSION=0.0.110
+ skaffold build -f skaffold.yaml.new
time="2019-01-31T13:48:35Z" level=warning msg="config version (skaffold/v1beta1) out of date: upgrading to latest (skaffold/v1beta3)"
Starting build...
Building [changeme]...
Sending build context to Docker daemon  525.8kBSending build context to Docker daemon   6.99MB
Step 1/10 : FROM scratch
 ---> 
Step 2/10 : ARG GIT_SHA
 ---> Using cache
 ---> 6ee09bc4a304
Step 3/10 : ARG WORKFLOW_RELEASE
 ---> Using cache
 ---> 6902a8abb233
Step 4/10 : ENV GIT_SHA $GIT_SHA
 ---> Running in 8e35f19f9d94
 ---> fa6ba8e23134
Step 5/10 : ENV WORKFLOW_RELEASE $WORKFLOW_RELEASE
 ---> Running in fc34d3c7032a
 ---> 78911bf4c116
Step 6/10 : ENV POWERED_BY Jenkins-X
 ---> Running in 0a4ee1a29e7a
 ---> f5b39551351c
Step 7/10 : EXPOSE 8080
 ---> Running in 75f98f871da1
 ---> 01574dd206fd
Step 8/10 : ENTRYPOINT /croc-hunter-jenkinsx
 ---> Running in 711ba744e1c7
 ---> 1e9ea2551d76
Step 9/10 : COPY ./bin/ /
 ---> 482bb14926f5
Step 10/10 : COPY static/ static/
 ---> 861221616636
Successfully built 861221616636
The push refers to a repository [10.63.246.66:5000/carlossg/croc-hunter-jenkinsx]
c6217e1d57ba: Preparing
721bd63f4b78: Preparing
c6217e1d57ba: Pushed
721bd63f4b78: Pushed
0.0.110: digest: sha256:8e9cbce12927ffc7cc47f2de654a67388554f6680badcb1755dfdef7ba4ad6c0 size: 738
Build complete in 2.626872135s
Starting test...
Test complete in 5.342Âµs
changeme -> 10.63.246.66:5000/carlossg/croc-hunter-jenkinsx:0.0.110
[Pipeline] sh
+ jx step validate --min-jx-version 1.2.36
[Pipeline] sh
+ cat VERSION
+ jx step post build --image 10.63.246.66:5000/carlossg/croc-hunter-jenkinsx:0.0.110
[Pipeline] }
[Pipeline] // dir
[Pipeline] }
[Pipeline] // stage
[Pipeline] stage
[Pipeline] { (Promote to Environments)
[Pipeline] dir
Running in /home/jenkins/go/src/github.com/carlossg/croc-hunter-jenkinsx-serverless/charts/croc-hunter-jenkinsx
[Pipeline] {
[Pipeline] sh
+ cat ../../VERSION
+ jx step changelog --version v0.0.110 --generate-yaml=false
Using batch mode as inside a pipeline
Generating change log from git ref bb738b11680cb570f0d5b1cd0728eed55577a938 => 30c9938a0f699ade00f250abe8afce4b4b32ee00
Failed to enrich commits with issues: User.jenkins.io "" is invalid: metadata.name: Required value: name or generateName is required
Failed to enrich commits with issues: User.jenkins.io "" is invalid: metadata.name: Required value: name or generateName is required
Finding issues in commit messages using git format
No release found for carlossg/croc-hunter-jenkinsx-serverless and tag v0.0.110 so creating a new release
Updated the release information at https://github.com/carlossg/croc-hunter-jenkinsx-serverless/releases/tag/v0.0.110
Created Release croc-hunter-jenkinsx-serverless-0-0-110 resource in namespace jx
Updating PipelineActivity carlossg-croc-hunter-jenkinsx-serverless-master-33 with version 0.0.110
Updated PipelineActivities carlossg-croc-hunter-jenkinsx-serverless-master-33 with release notes URL: https://github.com/carlossg/croc-hunter-jenkinsx-serverless/releases/tag/v0.0.110
[Pipeline] sh
+ make release
rm -rf charts
rm -rf croc-hunter-jenkinsx*.tgz
helm dependency build
No requirements found in ./charts.
helm lint
==> Linting .
Lint OK

1 chart(s) linted, no failures
helm init --client-only
Creating /builder/home/.helm 
Creating /builder/home/.helm/repository 
Creating /builder/home/.helm/repository/cache 
Creating /builder/home/.helm/repository/local 
Creating /builder/home/.helm/plugins 
Creating /builder/home/.helm/starters 
Creating /builder/home/.helm/cache/archive 
Creating /builder/home/.helm/repository/repositories.yaml 
Adding stable repo with URL: https://kubernetes-charts.storage.googleapis.com 
Adding local repo with URL: http://127.0.0.1:8879/charts 
$HELM_HOME has been configured at /builder/home/.helm.
Not installing Tiller due to 'client-only' flag having been set
Happy Helming!
helm package .
Successfully packaged chart and saved it to: /home/jenkins/go/src/github.com/carlossg/croc-hunter-jenkinsx-serverless/charts/croc-hunter-jenkinsx/croc-hunter-jenkinsx-0.0.110.tgz
curl --fail -u **** --data-binary "@croc-hunter-jenkinsx-0.0.110.tgz" http://jenkins-x-chartmuseum:8080/api/charts
  % Total    % Received % Xferd  Average Speed   Time    Time     Time  Current
                                 Dload  Upload   Total   Spent    Left  Speed
  0     0    0     0    0     0      0      0 --:--:-- --:--:-- --:--:--     0  0  3131    0     0    0     0      0      0 --:--:--  0:00:01 --:--:--     0 99  3155    0     0  100  3131      0   3109  0:00:01  0:00:01 --:--:--  3112
curl: (22) The requested URL returned error: 401
Makefile:26: recipe for target 'release' failed
make: *** [release] Error 22
[Pipeline] }
[Pipeline] // dir
[Pipeline] }
[Pipeline] // stage
[Pipeline] }
[Pipeline] // withEnv
[Pipeline] }
[Pipeline] // withCredentials
[Pipeline] }
[Pipeline] // node
[Pipeline] End of Pipeline
ERROR: script returned exit code 2
Finished: FAILURE
